2024-05-28 21:04:31,345 [restartedMain] INFO  com.v.BootLoggingApplication                       - Starting BootLoggingApplication using Java 1.8.0_202 on Rohit with PID 23140 (D:\V-Study\V-Workspace(Concepts)\Boot_Logging\target\classes started by thaku in D:\V-Study\V-Workspace(Concepts)\Boot_Logging)
2024-05-28 21:04:31,359 [restartedMain] INFO  com.v.BootLoggingApplication                       - No active profile set, falling back to default profiles: default
2024-05-28 21:04:31,547 [restartedMain] INFO  o.s.b.d.e.DevToolsPropertyDefaultsPostProcessor    - Devtools property defaults active! Set 'spring.devtools.add-properties' to 'false' to disable
2024-05-28 21:04:31,549 [restartedMain] INFO  o.s.b.d.e.DevToolsPropertyDefaultsPostProcessor    - For additional web related logging consider setting the 'logging.level.web' property to 'DEBUG'
2024-05-28 21:04:34,875 [restartedMain] INFO  o.s.b.w.embedded.tomcat.TomcatWebServer            - Tomcat initialized with port(s): 8080 (http)
2024-05-28 21:04:34,909 [restartedMain] INFO  o.apache.coyote.http11.Http11NioProtocol           - Initializing ProtocolHandler ["http-nio-8080"]
2024-05-28 21:04:34,912 [restartedMain] INFO  org.apache.catalina.core.StandardService           - Starting service [Tomcat]
2024-05-28 21:04:34,913 [restartedMain] INFO  org.apache.catalina.core.StandardEngine            - Starting Servlet engine: [Apache Tomcat/9.0.56]
2024-05-28 21:04:35,669 [restartedMain] INFO  o.a.c.c.C.[Tomcat].[localhost].[/]                 - Initializing Spring embedded WebApplicationContext
2024-05-28 21:04:35,685 [restartedMain] INFO  o.s.b.w.s.c.ServletWebServerApplicationContext     - Root WebApplicationContext: initialization completed in 4128 ms
2024-05-28 21:04:38,049 [restartedMain] INFO  o.s.b.d.a.OptionalLiveReloadServer                 - LiveReload server is running on port 35729
2024-05-28 21:04:38,095 [restartedMain] INFO  o.apache.coyote.http11.Http11NioProtocol           - Starting ProtocolHandler ["http-nio-8080"]
2024-05-28 21:04:38,190 [restartedMain] INFO  o.s.b.w.embedded.tomcat.TomcatWebServer            - Tomcat started on port(s): 8080 (http) with context path ''
2024-05-28 21:04:38,215 [restartedMain] INFO  com.v.BootLoggingApplication                       - Started BootLoggingApplication in 9.22 seconds (JVM running for 14.839)
2024-05-28 21:07:46,116 [restartedMain] INFO  com.v.BootLoggingApplication                       - Starting BootLoggingApplication using Java 1.8.0_202 on Rohit with PID 23140 (D:\V-Study\V-Workspace(Concepts)\Boot_Logging\target\classes started by thaku in D:\V-Study\V-Workspace(Concepts)\Boot_Logging)
2024-05-28 21:07:46,119 [restartedMain] INFO  com.v.BootLoggingApplication                       - No active profile set, falling back to default profiles: default
2024-05-28 21:07:48,927 [restartedMain] INFO  o.s.b.w.embedded.tomcat.TomcatWebServer            - Tomcat initialized with port(s): 8080 (http)
2024-05-28 21:07:48,932 [restartedMain] INFO  o.apache.coyote.http11.Http11NioProtocol           - Initializing ProtocolHandler ["http-nio-8080"]
2024-05-28 21:07:48,934 [restartedMain] INFO  org.apache.catalina.core.StandardService           - Starting service [Tomcat]
2024-05-28 21:07:48,936 [restartedMain] INFO  org.apache.catalina.core.StandardEngine            - Starting Servlet engine: [Apache Tomcat/9.0.56]
2024-05-28 21:07:49,180 [restartedMain] INFO  o.a.c.c.C.[Tomcat].[localhost].[/]                 - Initializing Spring embedded WebApplicationContext
2024-05-28 21:07:49,181 [restartedMain] INFO  o.s.b.w.s.c.ServletWebServerApplicationContext     - Root WebApplicationContext: initialization completed in 3045 ms
2024-05-28 21:07:50,597 [restartedMain] INFO  o.s.b.d.a.OptionalLiveReloadServer                 - LiveReload server is running on port 35729
2024-05-28 21:07:50,630 [restartedMain] INFO  o.apache.coyote.http11.Http11NioProtocol           - Starting ProtocolHandler ["http-nio-8080"]
2024-05-28 21:07:50,638 [restartedMain] INFO  o.s.b.w.embedded.tomcat.TomcatWebServer            - Tomcat started on port(s): 8080 (http) with context path ''
2024-05-28 21:07:50,650 [restartedMain] INFO  com.v.BootLoggingApplication                       - Started BootLoggingApplication in 5.347 seconds (JVM running for 207.274)
2024-05-28 21:07:50,658 [restartedMain] INFO  o.s.b.d.a.ConditionEvaluationDeltaLoggingListener  - Condition evaluation unchanged
2024-05-28 21:09:37,637 [restartedMain] INFO  com.v.BootLoggingApplication                       - Starting BootLoggingApplication using Java 1.8.0_202 on Rohit with PID 23140 (D:\V-Study\V-Workspace(Concepts)\Boot_Logging\target\classes started by thaku in D:\V-Study\V-Workspace(Concepts)\Boot_Logging)
2024-05-28 21:09:37,642 [restartedMain] INFO  com.v.BootLoggingApplication                       - No active profile set, falling back to default profiles: default
2024-05-28 21:09:39,593 [restartedMain] INFO  o.s.b.w.embedded.tomcat.TomcatWebServer            - Tomcat initialized with port(s): 8080 (http)
2024-05-28 21:09:39,596 [restartedMain] INFO  o.apache.coyote.http11.Http11NioProtocol           - Initializing ProtocolHandler ["http-nio-8080"]
2024-05-28 21:09:39,602 [restartedMain] INFO  org.apache.catalina.core.StandardService           - Starting service [Tomcat]
2024-05-28 21:09:39,604 [restartedMain] INFO  org.apache.catalina.core.StandardEngine            - Starting Servlet engine: [Apache Tomcat/9.0.56]
2024-05-28 21:09:39,736 [restartedMain] INFO  o.a.c.c.C.[Tomcat].[localhost].[/]                 - Initializing Spring embedded WebApplicationContext
2024-05-28 21:09:39,737 [restartedMain] INFO  o.s.b.w.s.c.ServletWebServerApplicationContext     - Root WebApplicationContext: initialization completed in 2051 ms
2024-05-28 21:09:40,277 [restartedMain] INFO  o.s.b.d.a.OptionalLiveReloadServer                 - LiveReload server is running on port 35729
2024-05-28 21:09:40,326 [restartedMain] INFO  o.apache.coyote.http11.Http11NioProtocol           - Starting ProtocolHandler ["http-nio-8080"]
2024-05-28 21:09:40,333 [restartedMain] INFO  o.s.b.w.embedded.tomcat.TomcatWebServer            - Tomcat started on port(s): 8080 (http) with context path ''
2024-05-28 21:09:40,374 [restartedMain] INFO  com.v.BootLoggingApplication                       - Started BootLoggingApplication in 3.048 seconds (JVM running for 316.998)
2024-05-28 21:09:40,377 [restartedMain] INFO  o.s.b.d.a.ConditionEvaluationDeltaLoggingListener  - Condition evaluation unchanged
2024-05-28 21:10:29,155 [http-nio-8080-exec-1] INFO  o.a.c.c.C.[Tomcat].[localhost].[/]                 - Initializing Spring DispatcherServlet 'dispatcherServlet'
2024-05-28 21:10:29,161 [http-nio-8080-exec-1] INFO  o.s.web.servlet.DispatcherServlet                  - Initializing Servlet 'dispatcherServlet'
2024-05-28 21:10:29,212 [http-nio-8080-exec-1] INFO  o.s.web.servlet.DispatcherServlet                  - Completed initialization in 50 ms
2024-05-28 21:10:29,957 [http-nio-8080-exec-1] WARN  o.s.w.s.m.s.DefaultHandlerExceptionResolver        - Resolved [org.springframework.http.converter.HttpMessageNotReadableException: JSON parse error: Unexpected character ('/' (code 47)): maybe a (non-standard) comment? (not recognized as one since Feature 'ALLOW_COMMENTS' not enabled for parser); nested exception is com.fasterxml.jackson.core.JsonParseException: Unexpected character ('/' (code 47)): maybe a (non-standard) comment? (not recognized as one since Feature 'ALLOW_COMMENTS' not enabled for parser)<EOL> at [Source: (PushbackInputStream); line: 4, column: 24]]
2024-05-28 21:10:49,369 [http-nio-8080-exec-4] WARN  o.s.w.s.m.s.DefaultHandlerExceptionResolver        - Resolved [org.springframework.http.converter.HttpMessageNotReadableException: JSON parse error: Unexpected character ('-' (code 45)): was expecting comma to separate Object entries; nested exception is com.fasterxml.jackson.core.JsonParseException: Unexpected character ('-' (code 45)): was expecting comma to separate Object entries<EOL> at [Source: (PushbackInputStream); line: 4, column: 24]]
2024-05-28 21:11:00,541 [http-nio-8080-exec-6] WARN  o.s.w.s.m.s.DefaultHandlerExceptionResolver        - Resolved [org.springframework.http.converter.HttpMessageNotReadableException: JSON parse error: Unexpected character ('/' (code 47)): maybe a (non-standard) comment? (not recognized as one since Feature 'ALLOW_COMMENTS' not enabled for parser); nested exception is com.fasterxml.jackson.core.JsonParseException: Unexpected character ('/' (code 47)): maybe a (non-standard) comment? (not recognized as one since Feature 'ALLOW_COMMENTS' not enabled for parser)<EOL> at [Source: (PushbackInputStream); line: 4, column: 26]]
2024-05-28 21:11:07,272 [http-nio-8080-exec-8] WARN  o.s.w.s.m.s.DefaultHandlerExceptionResolver        - Resolved [org.springframework.http.converter.HttpMessageNotReadableException: JSON parse error: Unexpected character ('-' (code 45)): was expecting comma to separate Object entries; nested exception is com.fasterxml.jackson.core.JsonParseException: Unexpected character ('-' (code 45)): was expecting comma to separate Object entries<EOL> at [Source: (PushbackInputStream); line: 4, column: 26]]
2024-05-28 21:11:12,582 [http-nio-8080-exec-10] WARN  o.s.w.s.m.s.DefaultHandlerExceptionResolver        - Resolved [org.springframework.http.converter.HttpMessageNotReadableException: JSON parse error: Unexpected character ('-' (code 45)): was expecting comma to separate Object entries; nested exception is com.fasterxml.jackson.core.JsonParseException: Unexpected character ('-' (code 45)): was expecting comma to separate Object entries<EOL> at [Source: (PushbackInputStream); line: 4, column: 26]]
2024-05-28 21:12:07,844 [http-nio-8080-exec-1] INFO  com.v.controller.StudentController                 - inside create Student Mehtod....
2024-05-28 21:26:11,713 [RMI TCP Connection(29)-127.0.0.1] INFO  o.s.b.a.SpringApplicationAdminMXBeanRegistrar$SpringApplicationAdmin - Application shutdown requested.
