2024-06-01 16:04:56 [restartedMain] INFO  com.v.BootLoggingApplication - Starting BootLoggingApplication using Java 15 on DESKTOP-9C38UTU with PID 9160 (D:\V-Study\Workspaces\V-Workspace(Concepts)\V-Boot_Logging\target\classes started by thaku in D:\V-Study\Workspaces\V-Workspace(Concepts)\V-Boot_Logging)
2024-06-01 16:04:56 [restartedMain] INFO  com.v.BootLoggingApplication - No active profile set, falling back to default profiles: default
2024-06-01 16:04:56 [restartedMain] INFO  o.s.b.d.e.DevToolsPropertyDefaultsPostProcessor - Devtools property defaults active! Set 'spring.devtools.add-properties' to 'false' to disable
2024-06-01 16:04:56 [restartedMain] INFO  o.s.b.d.e.DevToolsPropertyDefaultsPostProcessor - For additional web related logging consider setting the 'logging.level.web' property to 'DEBUG'
2024-06-01 16:04:57 [restartedMain] INFO  o.s.b.w.e.tomcat.TomcatWebServer - Tomcat initialized with port(s): 8080 (http)
2024-06-01 16:04:57 [restartedMain] INFO  o.a.coyote.http11.Http11NioProtocol - Initializing ProtocolHandler ["http-nio-8080"]
2024-06-01 16:04:57 [restartedMain] INFO  o.a.catalina.core.StandardService - Starting service [Tomcat]
2024-06-01 16:04:57 [restartedMain] INFO  o.a.catalina.core.StandardEngine - Starting Servlet engine: [Apache Tomcat/9.0.56]
2024-06-01 16:04:57 [restartedMain] INFO  o.a.c.c.C.[Tomcat].[localhost].[/] - Initializing Spring embedded WebApplicationContext
2024-06-01 16:04:57 [restartedMain] INFO  o.s.b.w.s.c.ServletWebServerApplicationContext - Root WebApplicationContext: initialization completed in 1033 ms
2024-06-01 16:04:58 [restartedMain] INFO  o.s.b.d.a.OptionalLiveReloadServer - LiveReload server is running on port 35729
2024-06-01 16:04:58 [restartedMain] INFO  o.a.coyote.http11.Http11NioProtocol - Starting ProtocolHandler ["http-nio-8080"]
2024-06-01 16:04:58 [restartedMain] INFO  o.s.b.w.e.tomcat.TomcatWebServer - Tomcat started on port(s): 8080 (http) with context path ''
2024-06-01 16:04:58 [restartedMain] INFO  com.v.BootLoggingApplication - Started BootLoggingApplication in 1.836 seconds (JVM running for 2.743)
2024-06-01 16:10:09 [RMI TCP Connection(7)-127.0.0.1] INFO  o.s.b.a.SpringApplicationAdminMXBeanRegistrar$SpringApplicationAdmin - Application shutdown requested.
2024-06-01 16:10:58 [restartedMain] INFO  com.v.BootLoggingApplication - Starting BootLoggingApplication using Java 15 on DESKTOP-9C38UTU with PID 8636 (D:\V-Study\Workspaces\V-Workspace(Concepts)\V-Boot_Logging\target\classes started by thaku in D:\V-Study\Workspaces\V-Workspace(Concepts)\V-Boot_Logging)
2024-06-01 16:10:58 [restartedMain] INFO  com.v.BootLoggingApplication - No active profile set, falling back to default profiles: default
2024-06-01 16:10:58 [restartedMain] INFO  o.s.b.d.e.DevToolsPropertyDefaultsPostProcessor - Devtools property defaults active! Set 'spring.devtools.add-properties' to 'false' to disable
2024-06-01 16:10:58 [restartedMain] INFO  o.s.b.d.e.DevToolsPropertyDefaultsPostProcessor - For additional web related logging consider setting the 'logging.level.web' property to 'DEBUG'
2024-06-01 16:10:59 [restartedMain] INFO  o.s.b.w.e.tomcat.TomcatWebServer - Tomcat initialized with port(s): 8080 (http)
2024-06-01 16:10:59 [restartedMain] INFO  o.a.coyote.http11.Http11NioProtocol - Initializing ProtocolHandler ["http-nio-8080"]
2024-06-01 16:10:59 [restartedMain] INFO  o.a.catalina.core.StandardService - Starting service [Tomcat]
2024-06-01 16:10:59 [restartedMain] INFO  o.a.catalina.core.StandardEngine - Starting Servlet engine: [Apache Tomcat/9.0.56]
2024-06-01 16:10:59 [restartedMain] INFO  o.a.c.c.C.[Tomcat].[localhost].[/] - Initializing Spring embedded WebApplicationContext
2024-06-01 16:10:59 [restartedMain] INFO  o.s.b.w.s.c.ServletWebServerApplicationContext - Root WebApplicationContext: initialization completed in 1058 ms
2024-06-01 16:11:00 [restartedMain] INFO  o.s.b.d.a.OptionalLiveReloadServer - LiveReload server is running on port 35729
2024-06-01 16:11:00 [restartedMain] INFO  o.a.coyote.http11.Http11NioProtocol - Starting ProtocolHandler ["http-nio-8080"]
2024-06-01 16:11:00 [restartedMain] INFO  o.s.b.w.e.tomcat.TomcatWebServer - Tomcat started on port(s): 8080 (http) with context path ''
2024-06-01 16:11:00 [restartedMain] INFO  com.v.BootLoggingApplication - Started BootLoggingApplication in 1.876 seconds (JVM running for 2.815)
2024-06-01 16:12:52 [restartedMain] INFO  com.v.BootLoggingApplication - Starting BootLoggingApplication using Java 15 on DESKTOP-9C38UTU with PID 8636 (D:\V-Study\Workspaces\V-Workspace(Concepts)\V-Boot_Logging\target\classes started by thaku in D:\V-Study\Workspaces\V-Workspace(Concepts)\V-Boot_Logging)
2024-06-01 16:12:52 [restartedMain] INFO  com.v.BootLoggingApplication - No active profile set, falling back to default profiles: default
2024-06-01 16:12:52 [restartedMain] INFO  o.s.b.w.e.tomcat.TomcatWebServer - Tomcat initialized with port(s): 8080 (http)
2024-06-01 16:12:52 [restartedMain] INFO  o.a.coyote.http11.Http11NioProtocol - Initializing ProtocolHandler ["http-nio-8080"]
2024-06-01 16:12:52 [restartedMain] INFO  o.a.catalina.core.StandardService - Starting service [Tomcat]
2024-06-01 16:12:52 [restartedMain] INFO  o.a.catalina.core.StandardEngine - Starting Servlet engine: [Apache Tomcat/9.0.56]
2024-06-01 16:12:52 [restartedMain] INFO  o.a.c.c.C.[Tomcat].[localhost].[/] - Initializing Spring embedded WebApplicationContext
2024-06-01 16:12:52 [restartedMain] INFO  o.s.b.w.s.c.ServletWebServerApplicationContext - Root WebApplicationContext: initialization completed in 243 ms
2024-06-01 16:12:52 [restartedMain] INFO  o.s.b.d.a.OptionalLiveReloadServer - LiveReload server is running on port 35729
2024-06-01 16:12:52 [restartedMain] INFO  o.a.coyote.http11.Http11NioProtocol - Starting ProtocolHandler ["http-nio-8080"]
2024-06-01 16:12:52 [restartedMain] INFO  o.s.b.w.e.tomcat.TomcatWebServer - Tomcat started on port(s): 8080 (http) with context path ''
2024-06-01 16:12:52 [restartedMain] INFO  com.v.BootLoggingApplication - Started BootLoggingApplication in 0.38 seconds (JVM running for 115.138)
2024-06-01 16:12:52 [restartedMain] INFO  o.s.b.d.a.ConditionEvaluationDeltaLoggingListener - Condition evaluation unchanged
2024-06-01 16:12:58 [RMI TCP Connection(4)-127.0.0.1] INFO  o.s.b.a.SpringApplicationAdminMXBeanRegistrar$SpringApplicationAdmin - Application shutdown requested.
